<?xml version="1.0" encoding="UTF-8"?>
<!-- Generated by org.testng.reporters.JUnitReportReporter -->
<testsuite skipped="0" hostname="changstanfu" name="LoginTest.validLogin" tests="1" failures="0" timestamp="26 Jan 2023 14:50:31 GMT" time="49.613" errors="0">
  <testcase name="Test" time="49.613" classname="LoginTest.validLogin"/>
</testsuite> <!-- LoginTest.validLogin -->
