<?xml version="1.0" encoding="UTF-8"?>
<!-- Generated by org.testng.reporters.JUnitReportReporter -->
<testsuite skipped="0" hostname="changstanfu" name="LoginTest.validLogin_TC001" tests="1" failures="0" timestamp="26 Jan 2023 15:06:30 GMT" time="16.298" errors="0">
  <testcase name="Test" time="16.298" classname="LoginTest.validLogin_TC001"/>
</testsuite> <!-- LoginTest.validLogin_TC001 -->
