<?xml version="1.0" encoding="UTF-8"?>
<!-- Generated by org.testng.reporters.JUnitReportReporter -->
<testsuite skipped="0" hostname="changstanfu" name="LoginTest.invalidLogin_TC002" tests="1" failures="0" timestamp="26 Jan 2023 15:07:35 GMT" time="35.109" errors="0">
  <testcase name="Test2" time="35.109" classname="LoginTest.invalidLogin_TC002"/>
</testsuite> <!-- LoginTest.invalidLogin_TC002 -->
